<?xml version="1.0" encoding="UTF-8"?>
<!-- Generated by org.testng.reporters.JUnitXMLReporter -->
<testsuite ignored="0" hostname="DESKTOP-U9H4J46" failures="0" tests="3" name="Surefire test" time="20.621" errors="0" timestamp="2021-11-09T17:05:28 EST">
  <testcase classname="Guru99.TestingGuru" name="homepage_elements" time="0.117"/>
  <testcase classname="Guru99.TestingGuru" name="loginwithvaliduser" time="2.008"/>
  <testcase classname="Guru99.TestingGuru" name="logout" time="0.682"/>
</testsuite> <!-- Surefire test -->
