<?xml version="1.0" encoding="UTF-8"?>
<!-- Generated by org.testng.reporters.JUnitXMLReporter -->
<testsuite ignored="0" hostname="DESKTOP-U9H4J46" failures="0" tests="3" name="Surefire test" time="18.955" errors="0" timestamp="2021-11-06T12:03:00 EDT">
  <testcase classname="Guru99.TestingGuru" name="homepage_elements" time="0.215"/>
  <testcase classname="Guru99.TestingGuru" name="loginwithvaliduser" time="2.008"/>
  <testcase classname="Guru99.TestingGuru" name="logout" time="0.675"/>
</testsuite> <!-- Surefire test -->
