<?xml version="1.0" encoding="UTF-8"?>
<!-- Generated by org.testng.reporters.JUnitXMLReporter -->
<testsuite ignored="0" hostname="DESKTOP-U9H4J46" failures="0" tests="3" name="Default test" time="23.746" errors="0" timestamp="2021-11-06T11:49:35 EDT">
  <testcase classname="Guru99.TestingGuru" name="homepage_elements" time="0.231"/>
  <testcase classname="Guru99.TestingGuru" name="loginwithvaliduser" time="2.018"/>
  <testcase classname="Guru99.TestingGuru" name="logout" time="0.826"/>
</testsuite> <!-- Default test -->
