<?xml version="1.0" encoding="UTF-8"?>
<testng-results ignored="0" total="3" passed="3" failed="0" skipped="0">
  <reporter-output>
  </reporter-output>
  <suite started-at="2021-11-06T12:02:41 EDT" name="Surefire suite" finished-at="2021-11-06T12:03:00 EDT" duration-ms="18955">
    <groups>
      <group name="regression">
        <method signature="TestingGuru.homepage_elements()[pri:0, instance:Guru99.TestingGuru@3234e239]" name="homepage_elements" class="Guru99.TestingGuru"/>
      </group> <!-- regression -->
      <group name="sanity">
        <method signature="TestingGuru.homepage_elements()[pri:0, instance:Guru99.TestingGuru@3234e239]" name="homepage_elements" class="Guru99.TestingGuru"/>
        <method signature="TestingGuru.logout()[pri:0, instance:Guru99.TestingGuru@3234e239]" name="logout" class="Guru99.TestingGuru"/>
      </group> <!-- sanity -->
      <group name="Smoke">
        <method signature="TestingGuru.homepage_elements()[pri:0, instance:Guru99.TestingGuru@3234e239]" name="homepage_elements" class="Guru99.TestingGuru"/>
        <method signature="TestingGuru.loginwithvaliduser()[pri:0, instance:Guru99.TestingGuru@3234e239]" name="loginwithvaliduser" class="Guru99.TestingGuru"/>
      </group> <!-- Smoke -->
    </groups>
    <test started-at="2021-11-06T12:02:41 EDT" name="Surefire test" finished-at="2021-11-06T12:03:00 EDT" duration-ms="18955">
      <class name="Guru99.TestingGuru">
        <test-method is-config="true" signature="beforeMethod()[pri:0, instance:Guru99.TestingGuru@3234e239]" started-at="2021-11-06T12:02:41 EDT" name="beforeMethod" finished-at="2021-11-06T12:02:47 EDT" duration-ms="5722" status="PASS">
          <reporter-output>
          </reporter-output>
        </test-method> <!-- beforeMethod -->
        <test-method signature="homepage_elements()[pri:0, instance:Guru99.TestingGuru@3234e239]" started-at="2021-11-06T12:02:47 EDT" name="homepage_elements" finished-at="2021-11-06T12:02:47 EDT" duration-ms="215" status="PASS">
          <reporter-output>
          </reporter-output>
        </test-method> <!-- homepage_elements -->
        <test-method is-config="true" signature="afterMethod()[pri:0, instance:Guru99.TestingGuru@3234e239]" started-at="2021-11-06T12:02:47 EDT" name="afterMethod" finished-at="2021-11-06T12:02:47 EDT" duration-ms="321" status="PASS">
          <reporter-output>
          </reporter-output>
        </test-method> <!-- afterMethod -->
        <test-method is-config="true" signature="beforeMethod()[pri:0, instance:Guru99.TestingGuru@3234e239]" started-at="2021-11-06T12:02:47 EDT" name="beforeMethod" finished-at="2021-11-06T12:02:52 EDT" duration-ms="4833" status="PASS">
          <reporter-output>
          </reporter-output>
        </test-method> <!-- beforeMethod -->
        <test-method signature="loginwithvaliduser()[pri:0, instance:Guru99.TestingGuru@3234e239]" started-at="2021-11-06T12:02:52 EDT" name="loginwithvaliduser" finished-at="2021-11-06T12:02:54 EDT" duration-ms="2008" status="PASS">
          <reporter-output>
          </reporter-output>
        </test-method> <!-- loginwithvaliduser -->
        <test-method is-config="true" signature="afterMethod()[pri:0, instance:Guru99.TestingGuru@3234e239]" started-at="2021-11-06T12:02:54 EDT" name="afterMethod" finished-at="2021-11-06T12:02:54 EDT" duration-ms="89" status="PASS">
          <reporter-output>
          </reporter-output>
        </test-method> <!-- afterMethod -->
        <test-method is-config="true" signature="beforeMethod()[pri:0, instance:Guru99.TestingGuru@3234e239]" started-at="2021-11-06T12:02:54 EDT" name="beforeMethod" finished-at="2021-11-06T12:02:59 EDT" duration-ms="4931" status="PASS">
          <reporter-output>
          </reporter-output>
        </test-method> <!-- beforeMethod -->
        <test-method signature="logout()[pri:0, instance:Guru99.TestingGuru@3234e239]" started-at="2021-11-06T12:02:59 EDT" name="logout" finished-at="2021-11-06T12:03:00 EDT" duration-ms="675" status="PASS">
          <reporter-output>
          </reporter-output>
        </test-method> <!-- logout -->
        <test-method is-config="true" signature="afterMethod()[pri:0, instance:Guru99.TestingGuru@3234e239]" started-at="2021-11-06T12:03:00 EDT" name="afterMethod" finished-at="2021-11-06T12:03:00 EDT" duration-ms="116" status="PASS">
          <reporter-output>
          </reporter-output>
        </test-method> <!-- afterMethod -->
      </class> <!-- Guru99.TestingGuru -->
    </test> <!-- Surefire test -->
  </suite> <!-- Surefire suite -->
</testng-results>
