<?xml version="1.0" encoding="UTF-8"?>
<testsuite name="Guru99.TestingGuru" time="4.895" tests="9" errors="0" skipped="8" failures="1">
  <properties>
[...]
</properties>
  <testcase name="beforeMethod" classname="Guru99.TestingGuru" time="4.895">
    <failure message="The driver executable does not exist: C:\Users\subha\Downloads\Anjali\chromedriver_win32\chromedriver.exe" type="java.lang.IllegalStateException"><![CDATA[java.lang.IllegalStateException: The driver executable does not exist: C:\Users\subha\Downloads\Anjali\chromedriver_win32\chromedriver.exe
	at com.google.common.base.Preconditions.checkState(Preconditions.java:585)
	at org.openqa.selenium.remote.service.DriverService.checkExecutable(DriverService.java:146)
	at org.openqa.selenium.remote.service.DriverService.findExecutable(DriverService.java:141)
	at org.openqa.selenium.chrome.ChromeDriverService.access$000(ChromeDriverService.java:35)
	at org.openqa.selenium.chrome.ChromeDriverService$Builder.findDefaultExecutable(ChromeDriverService.java:159)
	at org.openqa.selenium.remote.service.DriverService$Builder.build(DriverService.java:355)
	at org.openqa.selenium.chrome.ChromeDriverService.createDefaultService(ChromeDriverService.java:94)
	at org.openqa.selenium.chrome.ChromeDriver.<init>(ChromeDriver.java:123)
	at MyUtilty.Invokebr.openbrowser(Invokebr.java:14)
	at Guru99.TestingGuru.beforeMethod(TestingGuru.java:57)
]]></failure>
    <system-out><![CDATA[Configuring TestNG with: TestNG652Configurator
]]></system-out>
  </testcase>
  <testcase name="beforeMethod" classname="Guru99.TestingGuru" time="0">
    <skipped/>
  </testcase>
  <testcase name="beforeMethod" classname="Guru99.TestingGuru" time="0">
    <skipped/>
  </testcase>
  <testcase name="homepage_elements" classname="Guru99.TestingGuru" time="0">
    <skipped/>
  </testcase>
  <testcase name="afterMethod" classname="Guru99.TestingGuru" time="0">
    <skipped/>
  </testcase>
  <testcase name="afterMethod" classname="Guru99.TestingGuru" time="0">
    <skipped/>
  </testcase>
  <testcase name="afterMethod" classname="Guru99.TestingGuru" time="0">
    <skipped/>
  </testcase>
  <testcase name="loginwithvaliduser" classname="Guru99.TestingGuru" time="0">
    <skipped/>
  </testcase>
  <testcase name="logout" classname="Guru99.TestingGuru" time="0">
    <skipped/>
  </testcase>
</testsuite>