<?xml version="1.0" encoding="UTF-8"?>
<testng-results ignored="0" total="3" passed="3" failed="0" skipped="0">
  <reporter-output>
  </reporter-output>
  <suite started-at="2021-11-06T11:49:11 EDT" name="Default suite" finished-at="2021-11-06T11:49:35 EDT" duration-ms="23746">
    <groups>
      <group name="regression">
        <method signature="TestingGuru.homepage_elements()[pri:0, instance:Guru99.TestingGuru@2ddc8ecb]" name="homepage_elements" class="Guru99.TestingGuru"/>
      </group> <!-- regression -->
      <group name="sanity">
        <method signature="TestingGuru.homepage_elements()[pri:0, instance:Guru99.TestingGuru@2ddc8ecb]" name="homepage_elements" class="Guru99.TestingGuru"/>
        <method signature="TestingGuru.logout()[pri:0, instance:Guru99.TestingGuru@2ddc8ecb]" name="logout" class="Guru99.TestingGuru"/>
      </group> <!-- sanity -->
      <group name="Smoke">
        <method signature="TestingGuru.homepage_elements()[pri:0, instance:Guru99.TestingGuru@2ddc8ecb]" name="homepage_elements" class="Guru99.TestingGuru"/>
        <method signature="TestingGuru.loginwithvaliduser()[pri:0, instance:Guru99.TestingGuru@2ddc8ecb]" name="loginwithvaliduser" class="Guru99.TestingGuru"/>
      </group> <!-- Smoke -->
    </groups>
    <test started-at="2021-11-06T11:49:11 EDT" name="Default test" finished-at="2021-11-06T11:49:35 EDT" duration-ms="23746">
      <class name="Guru99.TestingGuru">
        <test-method is-config="true" signature="beforeMethod()[pri:0, instance:Guru99.TestingGuru@2ddc8ecb]" started-at="2021-11-06T11:49:11 EDT" name="beforeMethod" finished-at="2021-11-06T11:49:18 EDT" duration-ms="7032" status="PASS">
          <reporter-output>
          </reporter-output>
        </test-method> <!-- beforeMethod -->
        <test-method signature="homepage_elements()[pri:0, instance:Guru99.TestingGuru@2ddc8ecb]" started-at="2021-11-06T11:49:18 EDT" name="homepage_elements" finished-at="2021-11-06T11:49:19 EDT" duration-ms="231" status="PASS">
          <reporter-output>
          </reporter-output>
        </test-method> <!-- homepage_elements -->
        <test-method is-config="true" signature="afterMethod()[pri:0, instance:Guru99.TestingGuru@2ddc8ecb]" started-at="2021-11-06T11:49:19 EDT" name="afterMethod" finished-at="2021-11-06T11:49:19 EDT" duration-ms="148" status="PASS">
          <reporter-output>
          </reporter-output>
        </test-method> <!-- afterMethod -->
        <test-method is-config="true" signature="beforeMethod()[pri:0, instance:Guru99.TestingGuru@2ddc8ecb]" started-at="2021-11-06T11:49:19 EDT" name="beforeMethod" finished-at="2021-11-06T11:49:24 EDT" duration-ms="5591" status="PASS">
          <reporter-output>
          </reporter-output>
        </test-method> <!-- beforeMethod -->
        <test-method signature="loginwithvaliduser()[pri:0, instance:Guru99.TestingGuru@2ddc8ecb]" started-at="2021-11-06T11:49:24 EDT" name="loginwithvaliduser" finished-at="2021-11-06T11:49:26 EDT" duration-ms="2018" status="PASS">
          <reporter-output>
          </reporter-output>
        </test-method> <!-- loginwithvaliduser -->
        <test-method is-config="true" signature="afterMethod()[pri:0, instance:Guru99.TestingGuru@2ddc8ecb]" started-at="2021-11-06T11:49:26 EDT" name="afterMethod" finished-at="2021-11-06T11:49:27 EDT" duration-ms="138" status="PASS">
          <reporter-output>
          </reporter-output>
        </test-method> <!-- afterMethod -->
        <test-method is-config="true" signature="beforeMethod()[pri:0, instance:Guru99.TestingGuru@2ddc8ecb]" started-at="2021-11-06T11:49:27 EDT" name="beforeMethod" finished-at="2021-11-06T11:49:34 EDT" duration-ms="7471" status="PASS">
          <reporter-output>
          </reporter-output>
        </test-method> <!-- beforeMethod -->
        <test-method signature="logout()[pri:0, instance:Guru99.TestingGuru@2ddc8ecb]" started-at="2021-11-06T11:49:34 EDT" name="logout" finished-at="2021-11-06T11:49:35 EDT" duration-ms="826" status="PASS">
          <reporter-output>
          </reporter-output>
        </test-method> <!-- logout -->
        <test-method is-config="true" signature="afterMethod()[pri:0, instance:Guru99.TestingGuru@2ddc8ecb]" started-at="2021-11-06T11:49:35 EDT" name="afterMethod" finished-at="2021-11-06T11:49:35 EDT" duration-ms="210" status="PASS">
          <reporter-output>
          </reporter-output>
        </test-method> <!-- afterMethod -->
      </class> <!-- Guru99.TestingGuru -->
    </test> <!-- Default test -->
  </suite> <!-- Default suite -->
</testng-results>
